This file contains any messages produced by compilers while
running configure, to aid debugging if configure makes a mistake.

It was created by pkgconf configure 1.5.3, which was
generated by GNU Autoconf 2.69.  Invocation command line was

  $ ./configure --prefix=/home/wtp/linux/rootfs/alientek_imx6ull_rootfs/output/host --sysconfdir=/home/wtp/linux/rootfs/alientek_imx6ull_rootfs/output/host/etc --localstatedir=/home/wtp/linux/rootfs/alientek_imx6ull_rootfs/output/host/var --enable-shared --disable-static --disable-gtk-doc --disable-gtk-doc-html --disable-doc --disable-docs --disable-documentation --disable-debug --with-xmlto=no --with-fop=no --disable-dependency-tracking

## --------- ##
## Platform. ##
## --------- ##

hostname = wtp-VirtualBox
uname -m = x86_64
uname -r = 5.4.0-148-generic
uname -s = Linux
uname -v = #165~18.04.1-Ubuntu SMP Thu Apr 20 01:14:06 UTC 2023

/usr/bin/uname -p = unknown
/bin/uname -X     = unknown

/bin/arch              = unknown
/usr/bin/arch -k       = unknown
/usr/convex/getsysinfo = unknown
/usr/bin/hostinfo      = unknown
/bin/machine           = unknown
/usr/bin/oslevel       = unknown
/bin/universe          = unknown

PATH: /home/wtp/linux/rootfs/alientek_imx6ull_rootfs/output/host/bin
PATH: /home/wtp/linux/rootfs/alientek_imx6ull_rootfs/output/host/sbin
PATH: /usr/local/sbin
PATH: /usr/local/bin
PATH: /usr/sbin
PATH: /usr/bin
PATH: /sbin
PATH: /bin
PATH: /snap/bin


## ----------- ##
## Core tests. ##
## ----------- ##

configure:2325: checking for gcc
configure:2352: result: /usr/bin/gcc
configure:2581: checking for C compiler version
configure:2590: /usr/bin/gcc --version >&5
gcc (Ubuntu 7.5.0-3ubuntu1~18.04) 7.5.0
Copyright (C) 2017 Free Software Foundation, Inc.
This is free software; see the source for copying conditions.  There is NO
warranty; not even for MERCHANTABILITY or FITNESS FOR A PARTICULAR PURPOSE.

configure:2601: $? = 0
configure:2590: /usr/bin/gcc -v >&5
Using built-in specs.
COLLECT_GCC=/usr/bin/gcc
COLLECT_LTO_WRAPPER=/usr/lib/gcc/x86_64-linux-gnu/7/lto-wrapper
OFFLOAD_TARGET_NAMES=nvptx-none
OFFLOAD_TARGET_DEFAULT=1
Target: x86_64-linux-gnu
Configured with: ../src/configure -v --with-pkgversion='Ubuntu 7.5.0-3ubuntu1~18.04' --with-bugurl=file:///usr/share/doc/gcc-7/README.Bugs --enable-languages=c,ada,c++,go,brig,d,fortran,objc,obj-c++ --prefix=/usr --with-gcc-major-version-only --program-suffix=-7 --program-prefix=x86_64-linux-gnu- --enable-shared --enable-linker-build-id --libexecdir=/usr/lib --without-included-gettext --enable-threads=posix --libdir=/usr/lib --enable-nls --enable-bootstrap --enable-clocale=gnu --enable-libstdcxx-debug --enable-libstdcxx-time=yes --with-default-libstdcxx-abi=new --enable-gnu-unique-object --disable-vtable-verify --enable-libmpx --enable-plugin --enable-default-pie --with-system-zlib --with-target-system-zlib --enable-objc-gc=auto --enable-multiarch --disable-werror --with-arch-32=i686 --with-abi=m64 --with-multilib-list=m32,m64,mx32 --enable-multilib --with-tune=generic --enable-offload-targets=nvptx-none --without-cuda-driver --enable-checking=release --build=x86_64-linux-gnu --host=x86_64-linux-gnu --target=x86_64-linux-gnu
Thread model: posix
gcc version 7.5.0 (Ubuntu 7.5.0-3ubuntu1~18.04) 
configure:2601: $? = 0
configure:2590: /usr/bin/gcc -V >&5
gcc: error: unrecognized command line option '-V'
gcc: fatal error: no input files
compilation terminated.
configure:2601: $? = 1
configure:2590: /usr/bin/gcc -qversion >&5
gcc: error: unrecognized command line option '-qversion'; did you mean '--version'?
gcc: fatal error: no input files
compilation terminated.
configure:2601: $? = 1
configure:2621: checking whether the C compiler works
configure:2643: /usr/bin/gcc -O2 -I/home/wtp/linux/rootfs/alientek_imx6ull_rootfs/output/host/include -I/home/wtp/linux/rootfs/alientek_imx6ull_rootfs/output/host/include -L/home/wtp/linux/rootfs/alientek_imx6ull_rootfs/output/host/lib -Wl,-rpath,/home/wtp/linux/rootfs/alientek_imx6ull_rootfs/output/host/lib conftest.c  >&5
configure:2647: $? = 0
configure:2695: result: yes
configure:2698: checking for C compiler default output file name
configure:2700: result: a.out
configure:2706: checking for suffix of executables
configure:2713: /usr/bin/gcc -o conftest -O2 -I/home/wtp/linux/rootfs/alientek_imx6ull_rootfs/output/host/include -I/home/wtp/linux/rootfs/alientek_imx6ull_rootfs/output/host/include -L/home/wtp/linux/rootfs/alientek_imx6ull_rootfs/output/host/lib -Wl,-rpath,/home/wtp/linux/rootfs/alientek_imx6ull_rootfs/output/host/lib conftest.c  >&5
configure:2717: $? = 0
configure:2739: result: 
configure:2761: checking whether we are cross compiling
configure:2769: /usr/bin/gcc -o conftest -O2 -I/home/wtp/linux/rootfs/alientek_imx6ull_rootfs/output/host/include -I/home/wtp/linux/rootfs/alientek_imx6ull_rootfs/output/host/include -L/home/wtp/linux/rootfs/alientek_imx6ull_rootfs/output/host/lib -Wl,-rpath,/home/wtp/linux/rootfs/alientek_imx6ull_rootfs/output/host/lib conftest.c  >&5
configure:2773: $? = 0
configure:2780: ./conftest
configure:2784: $? = 0
configure:2799: result: no
configure:2804: checking for suffix of object files
configure:2826: /usr/bin/gcc -c -O2 -I/home/wtp/linux/rootfs/alientek_imx6ull_rootfs/output/host/include -I/home/wtp/linux/rootfs/alientek_imx6ull_rootfs/output/host/include conftest.c >&5
configure:2830: $? = 0
configure:2851: result: o
configure:2855: checking whether we are using the GNU C compiler
configure:2874: /usr/bin/gcc -c -O2 -I/home/wtp/linux/rootfs/alientek_imx6ull_rootfs/output/host/include -I/home/wtp/linux/rootfs/alientek_imx6ull_rootfs/output/host/include conftest.c >&5
configure:2874: $? = 0
configure:2883: result: yes
configure:2892: checking whether /usr/bin/gcc accepts -g
configure:2912: /usr/bin/gcc -c -g -I/home/wtp/linux/rootfs/alientek_imx6ull_rootfs/output/host/include conftest.c >&5
configure:2912: $? = 0
configure:2953: result: yes
configure:2970: checking for /usr/bin/gcc option to accept ISO C89
configure:3033: /usr/bin/gcc  -c -O2 -I/home/wtp/linux/rootfs/alientek_imx6ull_rootfs/output/host/include -I/home/wtp/linux/rootfs/alientek_imx6ull_rootfs/output/host/include conftest.c >&5
configure:3033: $? = 0
configure:3046: result: none needed
configure:3071: checking whether /usr/bin/gcc understands -c and -o together
configure:3093: /usr/bin/gcc -c conftest.c -o conftest2.o
configure:3096: $? = 0
configure:3093: /usr/bin/gcc -c conftest.c -o conftest2.o
configure:3096: $? = 0
configure:3108: result: yes
configure:3126: checking whether C compiler accepts -Wall
configure:3145: /usr/bin/gcc -c -O2 -I/home/wtp/linux/rootfs/alientek_imx6ull_rootfs/output/host/include  -Wall -I/home/wtp/linux/rootfs/alientek_imx6ull_rootfs/output/host/include conftest.c >&5
configure:3145: $? = 0
configure:3153: result: yes
configure:3161: checking whether C compiler accepts -Wextra
configure:3180: /usr/bin/gcc -c -O2 -I/home/wtp/linux/rootfs/alientek_imx6ull_rootfs/output/host/include -Wall  -Wextra -I/home/wtp/linux/rootfs/alientek_imx6ull_rootfs/output/host/include conftest.c >&5
configure:3180: $? = 0
configure:3188: result: yes
configure:3196: checking whether C compiler accepts -Wformat=2
configure:3215: /usr/bin/gcc -c -O2 -I/home/wtp/linux/rootfs/alientek_imx6ull_rootfs/output/host/include -Wall -Wextra  -Wformat=2 -I/home/wtp/linux/rootfs/alientek_imx6ull_rootfs/output/host/include conftest.c >&5
configure:3215: $? = 0
configure:3223: result: yes
configure:3231: checking whether C compiler accepts -std=gnu99
configure:3250: /usr/bin/gcc -c -O2 -I/home/wtp/linux/rootfs/alientek_imx6ull_rootfs/output/host/include -Wall -Wextra -Wformat=2  -std=gnu99 -I/home/wtp/linux/rootfs/alientek_imx6ull_rootfs/output/host/include conftest.c >&5
configure:3250: $? = 0
configure:3258: result: yes
configure:3307: checking for strlcpy
configure:3307: /usr/bin/gcc -o conftest -O2 -I/home/wtp/linux/rootfs/alientek_imx6ull_rootfs/output/host/include -Wall -Wextra -Wformat=2 -std=gnu99 -I/home/wtp/linux/rootfs/alientek_imx6ull_rootfs/output/host/include -L/home/wtp/linux/rootfs/alientek_imx6ull_rootfs/output/host/lib -Wl,-rpath,/home/wtp/linux/rootfs/alientek_imx6ull_rootfs/output/host/lib conftest.c  >&5
/tmp/cc4S8djp.o: In function `main':
conftest.c:(.text.startup+0x7): undefined reference to `strlcpy'
collect2: error: ld returned 1 exit status
configure:3307: $? = 1
configure: failed program was:
| /* confdefs.h */
| #define PACKAGE_NAME "pkgconf"
| #define PACKAGE_TARNAME "pkgconf"
| #define PACKAGE_VERSION "1.5.3"
| #define PACKAGE_STRING "pkgconf 1.5.3"
| #define PACKAGE_BUGREPORT "http://github.com/pkgconf/pkgconf/issues"
| #define PACKAGE_URL ""
| /* end confdefs.h.  */
| /* Define strlcpy to an innocuous variant, in case <limits.h> declares strlcpy.
|    For example, HP-UX 11i <limits.h> declares gettimeofday.  */
| #define strlcpy innocuous_strlcpy
| 
| /* System header to define __stub macros and hopefully few prototypes,
|     which can conflict with char strlcpy (); below.
|     Prefer <limits.h> to <assert.h> if __STDC__ is defined, since
|     <limits.h> exists even on freestanding compilers.  */
| 
| #ifdef __STDC__
| # include <limits.h>
| #else
| # include <assert.h>
| #endif
| 
| #undef strlcpy
| 
| /* Override any GCC internal prototype to avoid an error.
|    Use char because int might match the return type of a GCC
|    builtin and then its argument prototype would still apply.  */
| #ifdef __cplusplus
| extern "C"
| #endif
| char strlcpy ();
| /* The GNU C library defines this for functions which it implements
|     to always fail with ENOSYS.  Some functions are actually named
|     something starting with __ and the normal name is an alias.  */
| #if defined __stub_strlcpy || defined __stub___strlcpy
| choke me
| #endif
| 
| int
| main ()
| {
| return strlcpy ();
|   ;
|   return 0;
| }
configure:3307: result: no
configure:3307: checking for strlcat
configure:3307: /usr/bin/gcc -o conftest -O2 -I/home/wtp/linux/rootfs/alientek_imx6ull_rootfs/output/host/include -Wall -Wextra -Wformat=2 -std=gnu99 -I/home/wtp/linux/rootfs/alientek_imx6ull_rootfs/output/host/include -L/home/wtp/linux/rootfs/alientek_imx6ull_rootfs/output/host/lib -Wl,-rpath,/home/wtp/linux/rootfs/alientek_imx6ull_rootfs/output/host/lib conftest.c  >&5
/tmp/ccZmBIHr.o: In function `main':
conftest.c:(.text.startup+0x7): undefined reference to `strlcat'
collect2: error: ld returned 1 exit status
configure:3307: $? = 1
configure: failed program was:
| /* confdefs.h */
| #define PACKAGE_NAME "pkgconf"
| #define PACKAGE_TARNAME "pkgconf"
| #define PACKAGE_VERSION "1.5.3"
| #define PACKAGE_STRING "pkgconf 1.5.3"
| #define PACKAGE_BUGREPORT "http://github.com/pkgconf/pkgconf/issues"
| #define PACKAGE_URL ""
| /* end confdefs.h.  */
| /* Define strlcat to an innocuous variant, in case <limits.h> declares strlcat.
|    For example, HP-UX 11i <limits.h> declares gettimeofday.  */
| #define strlcat innocuous_strlcat
| 
| /* System header to define __stub macros and hopefully few prototypes,
|     which can conflict with char strlcat (); below.
|     Prefer <limits.h> to <assert.h> if __STDC__ is defined, since
|     <limits.h> exists even on freestanding compilers.  */
| 
| #ifdef __STDC__
| # include <limits.h>
| #else
| # include <assert.h>
| #endif
| 
| #undef strlcat
| 
| /* Override any GCC internal prototype to avoid an error.
|    Use char because int might match the return type of a GCC
|    builtin and then its argument prototype would still apply.  */
| #ifdef __cplusplus
| extern "C"
| #endif
| char strlcat ();
| /* The GNU C library defines this for functions which it implements
|     to always fail with ENOSYS.  Some functions are actually named
|     something starting with __ and the normal name is an alias.  */
| #if defined __stub_strlcat || defined __stub___strlcat
| choke me
| #endif
| 
| int
| main ()
| {
| return strlcat ();
|   ;
|   return 0;
| }
configure:3307: result: no
configure:3307: checking for strndup
configure:3307: /usr/bin/gcc -o conftest -O2 -I/home/wtp/linux/rootfs/alientek_imx6ull_rootfs/output/host/include -Wall -Wextra -Wformat=2 -std=gnu99 -I/home/wtp/linux/rootfs/alientek_imx6ull_rootfs/output/host/include -L/home/wtp/linux/rootfs/alientek_imx6ull_rootfs/output/host/lib -Wl,-rpath,/home/wtp/linux/rootfs/alientek_imx6ull_rootfs/output/host/lib conftest.c  >&5
conftest.c:32:6: warning: conflicting types for built-in function 'strndup' [-Wbuiltin-declaration-mismatch]
 char strndup ();
      ^~~~~~~
configure:3307: $? = 0
configure:3307: result: yes
configure:3307: checking for cygwin_conv_path
configure:3307: /usr/bin/gcc -o conftest -O2 -I/home/wtp/linux/rootfs/alientek_imx6ull_rootfs/output/host/include -Wall -Wextra -Wformat=2 -std=gnu99 -I/home/wtp/linux/rootfs/alientek_imx6ull_rootfs/output/host/include -L/home/wtp/linux/rootfs/alientek_imx6ull_rootfs/output/host/lib -Wl,-rpath,/home/wtp/linux/rootfs/alientek_imx6ull_rootfs/output/host/lib conftest.c  >&5
/tmp/cc6eXtPw.o: In function `main':
conftest.c:(.text.startup+0x7): undefined reference to `cygwin_conv_path'
collect2: error: ld returned 1 exit status
configure:3307: $? = 1
configure: failed program was:
| /* confdefs.h */
| #define PACKAGE_NAME "pkgconf"
| #define PACKAGE_TARNAME "pkgconf"
| #define PACKAGE_VERSION "1.5.3"
| #define PACKAGE_STRING "pkgconf 1.5.3"
| #define PACKAGE_BUGREPORT "http://github.com/pkgconf/pkgconf/issues"
| #define PACKAGE_URL ""
| #define HAVE_STRNDUP 1
| /* end confdefs.h.  */
| /* Define cygwin_conv_path to an innocuous variant, in case <limits.h> declares cygwin_conv_path.
|    For example, HP-UX 11i <limits.h> declares gettimeofday.  */
| #define cygwin_conv_path innocuous_cygwin_conv_path
| 
| /* System header to define __stub macros and hopefully few prototypes,
|     which can conflict with char cygwin_conv_path (); below.
|     Prefer <limits.h> to <assert.h> if __STDC__ is defined, since
|     <limits.h> exists even on freestanding compilers.  */
| 
| #ifdef __STDC__
| # include <limits.h>
| #else
| # include <assert.h>
| #endif
| 
| #undef cygwin_conv_path
| 
| /* Override any GCC internal prototype to avoid an error.
|    Use char because int might match the return type of a GCC
|    builtin and then its argument prototype would still apply.  */
| #ifdef __cplusplus
| extern "C"
| #endif
| char cygwin_conv_path ();
| /* The GNU C library defines this for functions which it implements
|     to always fail with ENOSYS.  Some functions are actually named
|     something starting with __ and the normal name is an alias.  */
| #if defined __stub_cygwin_conv_path || defined __stub___cygwin_conv_path
| choke me
| #endif
| 
| int
| main ()
| {
| return cygwin_conv_path ();
|   ;
|   return 0;
| }
configure:3307: result: no
configure:3321: checking how to run the C preprocessor
configure:3391: result: /usr/bin/cpp
configure:3411: /usr/bin/cpp -I/home/wtp/linux/rootfs/alientek_imx6ull_rootfs/output/host/include conftest.c
configure:3411: $? = 0
configure:3425: /usr/bin/cpp -I/home/wtp/linux/rootfs/alientek_imx6ull_rootfs/output/host/include conftest.c
conftest.c:10:10: fatal error: ac_nonexistent.h: No such file or directory
 #include <ac_nonexistent.h>
          ^~~~~~~~~~~~~~~~~~
compilation terminated.
configure:3425: $? = 1
configure: failed program was:
| /* confdefs.h */
| #define PACKAGE_NAME "pkgconf"
| #define PACKAGE_TARNAME "pkgconf"
| #define PACKAGE_VERSION "1.5.3"
| #define PACKAGE_STRING "pkgconf 1.5.3"
| #define PACKAGE_BUGREPORT "http://github.com/pkgconf/pkgconf/issues"
| #define PACKAGE_URL ""
| #define HAVE_STRNDUP 1
| /* end confdefs.h.  */
| #include <ac_nonexistent.h>
configure:3454: checking for grep that handles long lines and -e
configure:3512: result: /bin/grep
configure:3517: checking for egrep
configure:3579: result: /bin/grep -E
configure:3584: checking for ANSI C header files
configure:3604: /usr/bin/gcc -c -O2 -I/home/wtp/linux/rootfs/alientek_imx6ull_rootfs/output/host/include -Wall -Wextra -Wformat=2 -std=gnu99 -I/home/wtp/linux/rootfs/alientek_imx6ull_rootfs/output/host/include conftest.c >&5
configure:3604: $? = 0
configure:3677: /usr/bin/gcc -o conftest -O2 -I/home/wtp/linux/rootfs/alientek_imx6ull_rootfs/output/host/include -Wall -Wextra -Wformat=2 -std=gnu99 -I/home/wtp/linux/rootfs/alientek_imx6ull_rootfs/output/host/include -L/home/wtp/linux/rootfs/alientek_imx6ull_rootfs/output/host/lib -Wl,-rpath,/home/wtp/linux/rootfs/alientek_imx6ull_rootfs/output/host/lib conftest.c  >&5
configure:3677: $? = 0
configure:3677: ./conftest
configure:3677: $? = 0
configure:3688: result: yes
configure:3701: checking for sys/types.h
configure:3701: /usr/bin/gcc -c -O2 -I/home/wtp/linux/rootfs/alientek_imx6ull_rootfs/output/host/include -Wall -Wextra -Wformat=2 -std=gnu99 -I/home/wtp/linux/rootfs/alientek_imx6ull_rootfs/output/host/include conftest.c >&5
configure:3701: $? = 0
configure:3701: result: yes
configure:3701: checking for sys/stat.h
configure:3701: /usr/bin/gcc -c -O2 -I/home/wtp/linux/rootfs/alientek_imx6ull_rootfs/output/host/include -Wall -Wextra -Wformat=2 -std=gnu99 -I/home/wtp/linux/rootfs/alientek_imx6ull_rootfs/output/host/include conftest.c >&5
configure:3701: $? = 0
configure:3701: result: yes
configure:3701: checking for stdlib.h
configure:3701: /usr/bin/gcc -c -O2 -I/home/wtp/linux/rootfs/alientek_imx6ull_rootfs/output/host/include -Wall -Wextra -Wformat=2 -std=gnu99 -I/home/wtp/linux/rootfs/alientek_imx6ull_rootfs/output/host/include conftest.c >&5
configure:3701: $? = 0
configure:3701: result: yes
configure:3701: checking for string.h
configure:3701: /usr/bin/gcc -c -O2 -I/home/wtp/linux/rootfs/alientek_imx6ull_rootfs/output/host/include -Wall -Wextra -Wformat=2 -std=gnu99 -I/home/wtp/linux/rootfs/alientek_imx6ull_rootfs/output/host/include conftest.c >&5
configure:3701: $? = 0
configure:3701: result: yes
configure:3701: checking for memory.h
configure:3701: /usr/bin/gcc -c -O2 -I/home/wtp/linux/rootfs/alientek_imx6ull_rootfs/output/host/include -Wall -Wextra -Wformat=2 -std=gnu99 -I/home/wtp/linux/rootfs/alientek_imx6ull_rootfs/output/host/include conftest.c >&5
configure:3701: $? = 0
configure:3701: result: yes
configure:3701: checking for strings.h
configure:3701: /usr/bin/gcc -c -O2 -I/home/wtp/linux/rootfs/alientek_imx6ull_rootfs/output/host/include -Wall -Wextra -Wformat=2 -std=gnu99 -I/home/wtp/linux/rootfs/alientek_imx6ull_rootfs/output/host/include conftest.c >&5
configure:3701: $? = 0
configure:3701: result: yes
configure:3701: checking for inttypes.h
configure:3701: /usr/bin/gcc -c -O2 -I/home/wtp/linux/rootfs/alientek_imx6ull_rootfs/output/host/include -Wall -Wextra -Wformat=2 -std=gnu99 -I/home/wtp/linux/rootfs/alientek_imx6ull_rootfs/output/host/include conftest.c >&5
configure:3701: $? = 0
configure:3701: result: yes
configure:3701: checking for stdint.h
configure:3701: /usr/bin/gcc -c -O2 -I/home/wtp/linux/rootfs/alientek_imx6ull_rootfs/output/host/include -Wall -Wextra -Wformat=2 -std=gnu99 -I/home/wtp/linux/rootfs/alientek_imx6ull_rootfs/output/host/include conftest.c >&5
configure:3701: $? = 0
configure:3701: result: yes
configure:3701: checking for unistd.h
configure:3701: /usr/bin/gcc -c -O2 -I/home/wtp/linux/rootfs/alientek_imx6ull_rootfs/output/host/include -Wall -Wextra -Wformat=2 -std=gnu99 -I/home/wtp/linux/rootfs/alientek_imx6ull_rootfs/output/host/include conftest.c >&5
configure:3701: $? = 0
configure:3701: result: yes
configure:3715: checking for sys/stat.h
configure:3715: result: yes
configure:3741: checking for a BSD-compatible install
configure:3809: result: /usr/bin/install -c
configure:3820: checking whether build environment is sane
configure:3875: result: yes
configure:4023: checking for a thread-safe mkdir -p
configure:4062: result: /bin/mkdir -p
configure:4069: checking for gawk
configure:4099: result: no
configure:4069: checking for mawk
configure:4085: found /usr/bin/mawk
configure:4096: result: mawk
configure:4107: checking whether make sets $(MAKE)
configure:4129: result: yes
configure:4151: checking whether make supports the include directive
configure:4166: make -f confmf.GNU && cat confinc.out
make[1]: Entering directory '/home/wtp/linux/rootfs/alientek_imx6ull_rootfs/output/build/host-pkgconf-1.5.3'
make[1]: Leaving directory '/home/wtp/linux/rootfs/alientek_imx6ull_rootfs/output/build/host-pkgconf-1.5.3'
this is the am__doit target
configure:4169: $? = 0
configure:4188: result: yes (GNU style)
configure:4221: checking whether make supports nested variables
configure:4238: result: yes
configure:4323: checking dependency style of /usr/bin/gcc
configure:4434: result: none
configure:4503: checking whether make supports nested variables
configure:4520: result: yes
configure:4560: checking build system type
configure:4574: result: x86_64-pc-linux-gnu
configure:4594: checking host system type
configure:4607: result: x86_64-pc-linux-gnu
configure:4648: checking how to print strings
configure:4675: result: printf
configure:4696: checking for a sed that does not truncate output
configure:4760: result: /bin/sed
configure:4778: checking for fgrep
configure:4840: result: /bin/grep -F
configure:4875: checking for ld used by /usr/bin/gcc
configure:4942: result: /usr/bin/ld
configure:4949: checking if the linker (/usr/bin/ld) is GNU ld
configure:4964: result: yes
configure:4976: checking for BSD- or MS-compatible name lister (nm)
configure:5030: result: /usr/bin/nm
configure:5160: checking the name lister (/usr/bin/nm) interface
configure:5167: /usr/bin/gcc -c -O2 -I/home/wtp/linux/rootfs/alientek_imx6ull_rootfs/output/host/include -Wall -Wextra -Wformat=2 -std=gnu99 -I/home/wtp/linux/rootfs/alientek_imx6ull_rootfs/output/host/include conftest.c >&5
configure:5170: /usr/bin/nm "conftest.o"
configure:5173: output
0000000000000000 B some_variable
configure:5180: result: BSD nm
configure:5183: checking whether ln -s works
configure:5187: result: yes
configure:5195: checking the maximum length of command line arguments
configure:5326: result: 1572864
configure:5374: checking how to convert x86_64-pc-linux-gnu file names to x86_64-pc-linux-gnu format
configure:5414: result: func_convert_file_noop
configure:5421: checking how to convert x86_64-pc-linux-gnu file names to toolchain format
configure:5441: result: func_convert_file_noop
configure:5448: checking for /usr/bin/ld option to reload object files
configure:5455: result: -r
configure:5529: checking for objdump
configure:5545: found /usr/bin/objdump
configure:5556: result: objdump
configure:5588: checking how to recognize dependent libraries
configure:5788: result: pass_all
configure:5873: checking for dlltool
configure:5903: result: no
configure:5933: checking how to associate runtime and link libraries
configure:5960: result: printf %s\n
configure:6084: checking for archiver @FILE support
configure:6101: /usr/bin/gcc -c -O2 -I/home/wtp/linux/rootfs/alientek_imx6ull_rootfs/output/host/include -Wall -Wextra -Wformat=2 -std=gnu99 -I/home/wtp/linux/rootfs/alientek_imx6ull_rootfs/output/host/include conftest.c >&5
configure:6101: $? = 0
configure:6104: /usr/bin/ar cru libconftest.a @conftest.lst >&5
/usr/bin/ar: `u' modifier ignored since `D' is the default (see `U')
configure:6107: $? = 0
configure:6112: /usr/bin/ar cru libconftest.a @conftest.lst >&5
/usr/bin/ar: `u' modifier ignored since `D' is the default (see `U')
/usr/bin/ar: conftest.o: No such file or directory
configure:6115: $? = 1
configure:6127: result: @
configure:6185: checking for strip
configure:6201: found /usr/bin/strip
configure:6212: result: strip
configure:6284: checking for ranlib
configure:6311: result: /usr/bin/ranlib
configure:6413: checking command to parse /usr/bin/nm output from /usr/bin/gcc object
configure:6566: /usr/bin/gcc -c -O2 -I/home/wtp/linux/rootfs/alientek_imx6ull_rootfs/output/host/include -Wall -Wextra -Wformat=2 -std=gnu99 -I/home/wtp/linux/rootfs/alientek_imx6ull_rootfs/output/host/include conftest.c >&5
configure:6569: $? = 0
configure:6573: /usr/bin/nm conftest.o \| sed -n -e 's/^.*[ ]\([ABCDGIRSTW][ABCDGIRSTW]*\)[ ][ ]*\([_A-Za-z][_A-Za-z0-9]*\)$/\1 \2 \2/p' | sed '/ __gnu_lto/d' \> conftest.nm
configure:6576: $? = 0
configure:6642: /usr/bin/gcc -o conftest -O2 -I/home/wtp/linux/rootfs/alientek_imx6ull_rootfs/output/host/include -Wall -Wextra -Wformat=2 -std=gnu99 -I/home/wtp/linux/rootfs/alientek_imx6ull_rootfs/output/host/include -L/home/wtp/linux/rootfs/alientek_imx6ull_rootfs/output/host/lib -Wl,-rpath,/home/wtp/linux/rootfs/alientek_imx6ull_rootfs/output/host/lib conftest.c conftstm.o >&5
configure:6645: $? = 0
configure:6683: result: ok
configure:6730: checking for sysroot
configure:6760: result: no
configure:6767: checking for a working dd
configure:6805: result: /bin/dd
configure:6809: checking how to truncate binary pipes
configure:6824: result: /bin/dd bs=4096 count=1
configure:6960: /usr/bin/gcc -c -O2 -I/home/wtp/linux/rootfs/alientek_imx6ull_rootfs/output/host/include -Wall -Wextra -Wformat=2 -std=gnu99 -I/home/wtp/linux/rootfs/alientek_imx6ull_rootfs/output/host/include conftest.c >&5
configure:6963: $? = 0
configure:7153: checking for mt
configure:7169: found /bin/mt
configure:7180: result: mt
configure:7203: checking if mt is a manifest tool
configure:7209: mt '-?'
configure:7217: result: no
configure:7891: checking for dlfcn.h
configure:7891: /usr/bin/gcc -c -O2 -I/home/wtp/linux/rootfs/alientek_imx6ull_rootfs/output/host/include -Wall -Wextra -Wformat=2 -std=gnu99 -I/home/wtp/linux/rootfs/alientek_imx6ull_rootfs/output/host/include conftest.c >&5
configure:7891: $? = 0
configure:7891: result: yes
configure:8147: checking for objdir
configure:8162: result: .libs
configure:8426: checking if /usr/bin/gcc supports -fno-rtti -fno-exceptions
configure:8444: /usr/bin/gcc -c -O2 -I/home/wtp/linux/rootfs/alientek_imx6ull_rootfs/output/host/include -Wall -Wextra -Wformat=2 -std=gnu99 -I/home/wtp/linux/rootfs/alientek_imx6ull_rootfs/output/host/include -fno-rtti -fno-exceptions conftest.c >&5
cc1: warning: command line option '-fno-rtti' is valid for C++/ObjC++ but not for C
configure:8448: $? = 0
configure:8461: result: no
configure:8819: checking for /usr/bin/gcc option to produce PIC
configure:8826: result: -fPIC -DPIC
configure:8834: checking if /usr/bin/gcc PIC flag -fPIC -DPIC works
configure:8852: /usr/bin/gcc -c -O2 -I/home/wtp/linux/rootfs/alientek_imx6ull_rootfs/output/host/include -Wall -Wextra -Wformat=2 -std=gnu99 -I/home/wtp/linux/rootfs/alientek_imx6ull_rootfs/output/host/include -fPIC -DPIC -DPIC conftest.c >&5
configure:8856: $? = 0
configure:8869: result: yes
configure:8898: checking if /usr/bin/gcc static flag -static works
configure:8926: result: yes
configure:8941: checking if /usr/bin/gcc supports -c -o file.o
configure:8962: /usr/bin/gcc -c -O2 -I/home/wtp/linux/rootfs/alientek_imx6ull_rootfs/output/host/include -Wall -Wextra -Wformat=2 -std=gnu99 -I/home/wtp/linux/rootfs/alientek_imx6ull_rootfs/output/host/include -o out/conftest2.o conftest.c >&5
configure:8966: $? = 0
configure:8988: result: yes
configure:8996: checking if /usr/bin/gcc supports -c -o file.o
configure:9043: result: yes
configure:9076: checking whether the /usr/bin/gcc linker (/usr/bin/ld -m elf_x86_64) supports shared libraries
configure:10335: result: yes
configure:10372: checking whether -lc should be explicitly linked in
configure:10380: /usr/bin/gcc -c -O2 -I/home/wtp/linux/rootfs/alientek_imx6ull_rootfs/output/host/include -Wall -Wextra -Wformat=2 -std=gnu99 -I/home/wtp/linux/rootfs/alientek_imx6ull_rootfs/output/host/include conftest.c >&5
configure:10383: $? = 0
configure:10398: /usr/bin/gcc -shared  -fPIC -DPIC conftest.o  -v -Wl,-soname -Wl,conftest -o conftest 2\>\&1 \| /bin/grep  -lc  \>/dev/null 2\>\&1
configure:10401: $? = 0
configure:10415: result: no
configure:10575: checking dynamic linker characteristics
configure:11156: /usr/bin/gcc -o conftest -O2 -I/home/wtp/linux/rootfs/alientek_imx6ull_rootfs/output/host/include -Wall -Wextra -Wformat=2 -std=gnu99 -I/home/wtp/linux/rootfs/alientek_imx6ull_rootfs/output/host/include -L/home/wtp/linux/rootfs/alientek_imx6ull_rootfs/output/host/lib -Wl,-rpath,/home/wtp/linux/rootfs/alientek_imx6ull_rootfs/output/host/lib -Wl,-rpath -Wl,/foo conftest.c  >&5
configure:11156: $? = 0
configure:11393: result: GNU/Linux ld.so
configure:11515: checking how to hardcode library paths into programs
configure:11540: result: immediate
configure:12088: checking whether stripping libraries is possible
configure:12093: result: yes
configure:12128: checking if libtool supports shared libraries
configure:12130: result: yes
configure:12133: checking whether to build shared libraries
configure:12158: result: yes
configure:12161: checking whether to build static libraries
configure:12165: result: no
configure:12210: checking for special C compiler options needed for large files
configure:12255: result: no
configure:12261: checking for _FILE_OFFSET_BITS value needed for large files
configure:12286: /usr/bin/gcc -c -O2 -I/home/wtp/linux/rootfs/alientek_imx6ull_rootfs/output/host/include -Wall -Wextra -Wformat=2 -std=gnu99 -I/home/wtp/linux/rootfs/alientek_imx6ull_rootfs/output/host/include conftest.c >&5
configure:12286: $? = 0
configure:12318: result: no
configure:12453: checking how to run the C preprocessor
configure:12523: result: /usr/bin/cpp
configure:12543: /usr/bin/cpp -I/home/wtp/linux/rootfs/alientek_imx6ull_rootfs/output/host/include conftest.c
configure:12543: $? = 0
configure:12557: /usr/bin/cpp -I/home/wtp/linux/rootfs/alientek_imx6ull_rootfs/output/host/include conftest.c
conftest.c:25:10: fatal error: ac_nonexistent.h: No such file or directory
 #include <ac_nonexistent.h>
          ^~~~~~~~~~~~~~~~~~
compilation terminated.
configure:12557: $? = 1
configure: failed program was:
| /* confdefs.h */
| #define PACKAGE_NAME "pkgconf"
| #define PACKAGE_TARNAME "pkgconf"
| #define PACKAGE_VERSION "1.5.3"
| #define PACKAGE_STRING "pkgconf 1.5.3"
| #define PACKAGE_BUGREPORT "http://github.com/pkgconf/pkgconf/issues"
| #define PACKAGE_URL ""
| #define HAVE_STRNDUP 1
| #define STDC_HEADERS 1
| #define HAVE_SYS_TYPES_H 1
| #define HAVE_SYS_STAT_H 1
| #define HAVE_STDLIB_H 1
| #define HAVE_STRING_H 1
| #define HAVE_MEMORY_H 1
| #define HAVE_STRINGS_H 1
| #define HAVE_INTTYPES_H 1
| #define HAVE_STDINT_H 1
| #define HAVE_UNISTD_H 1
| #define HAVE_SYS_STAT_H 1
| #define PACKAGE "pkgconf"
| #define VERSION "1.5.3"
| #define HAVE_DLFCN_H 1
| #define LT_OBJDIR ".libs/"
| /* end confdefs.h.  */
| #include <ac_nonexistent.h>
configure:12633: checking for gcc
configure:12660: result: /usr/bin/gcc
configure:12889: checking for C compiler version
configure:12898: /usr/bin/gcc --version >&5
gcc (Ubuntu 7.5.0-3ubuntu1~18.04) 7.5.0
Copyright (C) 2017 Free Software Foundation, Inc.
This is free software; see the source for copying conditions.  There is NO
warranty; not even for MERCHANTABILITY or FITNESS FOR A PARTICULAR PURPOSE.

configure:12909: $? = 0
configure:12898: /usr/bin/gcc -v >&5
Using built-in specs.
COLLECT_GCC=/usr/bin/gcc
COLLECT_LTO_WRAPPER=/usr/lib/gcc/x86_64-linux-gnu/7/lto-wrapper
OFFLOAD_TARGET_NAMES=nvptx-none
OFFLOAD_TARGET_DEFAULT=1
Target: x86_64-linux-gnu
Configured with: ../src/configure -v --with-pkgversion='Ubuntu 7.5.0-3ubuntu1~18.04' --with-bugurl=file:///usr/share/doc/gcc-7/README.Bugs --enable-languages=c,ada,c++,go,brig,d,fortran,objc,obj-c++ --prefix=/usr --with-gcc-major-version-only --program-suffix=-7 --program-prefix=x86_64-linux-gnu- --enable-shared --enable-linker-build-id --libexecdir=/usr/lib --without-included-gettext --enable-threads=posix --libdir=/usr/lib --enable-nls --enable-bootstrap --enable-clocale=gnu --enable-libstdcxx-debug --enable-libstdcxx-time=yes --with-default-libstdcxx-abi=new --enable-gnu-unique-object --disable-vtable-verify --enable-libmpx --enable-plugin --enable-default-pie --with-system-zlib --with-target-system-zlib --enable-objc-gc=auto --enable-multiarch --disable-werror --with-arch-32=i686 --with-abi=m64 --with-multilib-list=m32,m64,mx32 --enable-multilib --with-tune=generic --enable-offload-targets=nvptx-none --without-cuda-driver --enable-checking=release --build=x86_64-linux-gnu --host=x86_64-linux-gnu --target=x86_64-linux-gnu
Thread model: posix
gcc version 7.5.0 (Ubuntu 7.5.0-3ubuntu1~18.04) 
configure:12909: $? = 0
configure:12898: /usr/bin/gcc -V >&5
gcc: error: unrecognized command line option '-V'
gcc: fatal error: no input files
compilation terminated.
configure:12909: $? = 1
configure:12898: /usr/bin/gcc -qversion >&5
gcc: error: unrecognized command line option '-qversion'; did you mean '--version'?
gcc: fatal error: no input files
compilation terminated.
configure:12909: $? = 1
configure:12913: checking whether we are using the GNU C compiler
configure:12941: result: yes
configure:12950: checking whether /usr/bin/gcc accepts -g
configure:13011: result: yes
configure:13028: checking for /usr/bin/gcc option to accept ISO C89
configure:13104: result: none needed
configure:13129: checking whether /usr/bin/gcc understands -c and -o together
configure:13166: result: yes
configure:13184: checking whether ln -s works
configure:13188: result: yes
configure:13307: checking that generated files are newer than configure
configure:13313: result: done
configure:13336: creating ./config.status

## ---------------------- ##
## Running config.status. ##
## ---------------------- ##

This file was extended by pkgconf config.status 1.5.3, which was
generated by GNU Autoconf 2.69.  Invocation command line was

  CONFIG_FILES    = 
  CONFIG_HEADERS  = 
  CONFIG_LINKS    = 
  CONFIG_COMMANDS = 
  $ ./config.status 

on wtp-VirtualBox

config.status:1094: creating Makefile
config.status:1094: creating Kyuafile
config.status:1094: creating libpkgconf.pc
config.status:1094: creating tests/Kyuafile
config.status:1094: creating tests/test_env.sh
config.status:1094: creating libpkgconf/config.h
config.status:1323: executing depfiles commands
config.status:1323: executing libtool commands
configure:15480: WARNING: unrecognized options: --disable-gtk-doc, --disable-gtk-doc-html, --disable-doc, --disable-docs, --disable-documentation, --disable-debug, --with-xmlto, --with-fop

## ---------------- ##
## Cache variables. ##
## ---------------- ##

ac_cv_build=x86_64-pc-linux-gnu
ac_cv_c_compiler_gnu=yes
ac_cv_env_CC_set=set
ac_cv_env_CC_value=/usr/bin/gcc
ac_cv_env_CFLAGS_set=set
ac_cv_env_CFLAGS_value='-O2 -I/home/wtp/linux/rootfs/alientek_imx6ull_rootfs/output/host/include'
ac_cv_env_CPPFLAGS_set=set
ac_cv_env_CPPFLAGS_value=-I/home/wtp/linux/rootfs/alientek_imx6ull_rootfs/output/host/include
ac_cv_env_CPP_set=set
ac_cv_env_CPP_value=/usr/bin/cpp
ac_cv_env_LDFLAGS_set=set
ac_cv_env_LDFLAGS_value='-L/home/wtp/linux/rootfs/alientek_imx6ull_rootfs/output/host/lib -Wl,-rpath,/home/wtp/linux/rootfs/alientek_imx6ull_rootfs/output/host/lib'
ac_cv_env_LIBS_set=
ac_cv_env_LIBS_value=
ac_cv_env_LT_SYS_LIBRARY_PATH_set=
ac_cv_env_LT_SYS_LIBRARY_PATH_value=
ac_cv_env_build_alias_set=
ac_cv_env_build_alias_value=
ac_cv_env_host_alias_set=
ac_cv_env_host_alias_value=
ac_cv_env_target_alias_set=
ac_cv_env_target_alias_value=
ac_cv_func_cygwin_conv_path=no
ac_cv_func_strlcat=no
ac_cv_func_strlcpy=no
ac_cv_func_strndup=yes
ac_cv_header_dlfcn_h=yes
ac_cv_header_inttypes_h=yes
ac_cv_header_memory_h=yes
ac_cv_header_stdc=yes
ac_cv_header_stdint_h=yes
ac_cv_header_stdlib_h=yes
ac_cv_header_string_h=yes
ac_cv_header_strings_h=yes
ac_cv_header_sys_stat_h=yes
ac_cv_header_sys_types_h=yes
ac_cv_header_unistd_h=yes
ac_cv_host=x86_64-pc-linux-gnu
ac_cv_objext=o
ac_cv_path_EGREP='/bin/grep -E'
ac_cv_path_FGREP='/bin/grep -F'
ac_cv_path_GREP=/bin/grep
ac_cv_path_SED=/bin/sed
ac_cv_path_install='/usr/bin/install -c'
ac_cv_path_lt_DD=/bin/dd
ac_cv_path_mkdir=/bin/mkdir
ac_cv_prog_AWK=mawk
ac_cv_prog_CPP=/usr/bin/cpp
ac_cv_prog_ac_ct_CC=/usr/bin/gcc
ac_cv_prog_ac_ct_MANIFEST_TOOL=mt
ac_cv_prog_ac_ct_OBJDUMP=objdump
ac_cv_prog_ac_ct_RANLIB=/usr/bin/ranlib
ac_cv_prog_ac_ct_STRIP=strip
ac_cv_prog_cc_c89=
ac_cv_prog_cc_g=yes
ac_cv_prog_make_make_set=yes
ac_cv_sys_file_offset_bits=no
ac_cv_sys_largefile_CC=no
am_cv_CC_dependencies_compiler_type=none
am_cv_make_support_nested_variables=yes
am_cv_prog_cc_c_o=yes
ax_cv_check_cflags___Wall=yes
ax_cv_check_cflags___Wextra=yes
ax_cv_check_cflags___Wformat_2=yes
ax_cv_check_cflags___std_gnu99=yes
lt_cv_ar_at_file=@
lt_cv_archive_cmds_need_lc=no
lt_cv_deplibs_check_method=pass_all
lt_cv_file_magic_cmd='$MAGIC_CMD'
lt_cv_file_magic_test_file=
lt_cv_ld_reload_flag=-r
lt_cv_nm_interface='BSD nm'
lt_cv_objdir=.libs
lt_cv_path_LD=/usr/bin/ld
lt_cv_path_NM=/usr/bin/nm
lt_cv_path_mainfest_tool=no
lt_cv_prog_compiler_c_o=yes
lt_cv_prog_compiler_pic='-fPIC -DPIC'
lt_cv_prog_compiler_pic_works=yes
lt_cv_prog_compiler_rtti_exceptions=no
lt_cv_prog_compiler_static_works=yes
lt_cv_prog_gnu_ld=yes
lt_cv_sharedlib_from_linklib_cmd='printf %s\n'
lt_cv_shlibpath_overrides_runpath=yes
lt_cv_sys_global_symbol_pipe='sed -n -e '\''s/^.*[	 ]\([ABCDGIRSTW][ABCDGIRSTW]*\)[	 ][	 ]*\([_A-Za-z][_A-Za-z0-9]*\)$/\1 \2 \2/p'\'' | sed '\''/ __gnu_lto/d'\'''
lt_cv_sys_global_symbol_to_c_name_address='sed -n -e '\''s/^: \(.*\) .*$/  {"\1", (void *) 0},/p'\'' -e '\''s/^[ABCDGIRSTW][ABCDGIRSTW]* .* \(.*\)$/  {"\1", (void *) \&\1},/p'\'''
lt_cv_sys_global_symbol_to_c_name_address_lib_prefix='sed -n -e '\''s/^: \(.*\) .*$/  {"\1", (void *) 0},/p'\'' -e '\''s/^[ABCDGIRSTW][ABCDGIRSTW]* .* \(lib.*\)$/  {"\1", (void *) \&\1},/p'\'' -e '\''s/^[ABCDGIRSTW][ABCDGIRSTW]* .* \(.*\)$/  {"lib\1", (void *) \&\1},/p'\'''
lt_cv_sys_global_symbol_to_cdecl='sed -n -e '\''s/^T .* \(.*\)$/extern int \1();/p'\'' -e '\''s/^[ABCDGIRSTW][ABCDGIRSTW]* .* \(.*\)$/extern char \1;/p'\'''
lt_cv_sys_global_symbol_to_import=
lt_cv_sys_max_cmd_len=1572864
lt_cv_to_host_file_cmd=func_convert_file_noop
lt_cv_to_tool_file_cmd=func_convert_file_noop
lt_cv_truncate_bin='/bin/dd bs=4096 count=1'

## ----------------- ##
## Output variables. ##
## ----------------- ##

ACLOCAL='${SHELL} /home/wtp/linux/rootfs/alientek_imx6ull_rootfs/output/build/host-pkgconf-1.5.3/missing aclocal-1.16'
AMDEPBACKSLASH=''
AMDEP_FALSE=''
AMDEP_TRUE='#'
AMTAR='$${TAR-tar}'
AM_BACKSLASH='\'
AM_DEFAULT_V='$(AM_DEFAULT_VERBOSITY)'
AM_DEFAULT_VERBOSITY='0'
AM_V='$(V)'
AR='/usr/bin/ar'
AUTOCONF='${SHELL} /home/wtp/linux/rootfs/alientek_imx6ull_rootfs/output/build/host-pkgconf-1.5.3/missing autoconf'
AUTOHEADER='${SHELL} /home/wtp/linux/rootfs/alientek_imx6ull_rootfs/output/build/host-pkgconf-1.5.3/missing autoheader'
AUTOMAKE='${SHELL} /home/wtp/linux/rootfs/alientek_imx6ull_rootfs/output/build/host-pkgconf-1.5.3/missing automake-1.16'
AWK='mawk'
CC='/usr/bin/gcc'
CCDEPMODE='depmode=none'
CFLAGS='-O2 -I/home/wtp/linux/rootfs/alientek_imx6ull_rootfs/output/host/include -Wall -Wextra -Wformat=2 -std=gnu99'
CPP='/usr/bin/cpp'
CPPFLAGS='-I/home/wtp/linux/rootfs/alientek_imx6ull_rootfs/output/host/include'
CYGPATH_W='echo'
DEFS='-DHAVE_CONFIG_H'
DEPDIR='.deps'
DLLTOOL='false'
DSYMUTIL=''
DUMPBIN=''
ECHO_C=''
ECHO_N='-n'
ECHO_T=''
EGREP='/bin/grep -E'
EXEEXT=''
FGREP='/bin/grep -F'
GREP='/bin/grep'
INSTALL_DATA='${INSTALL} -m 644'
INSTALL_PROGRAM='${INSTALL}'
INSTALL_SCRIPT='${INSTALL}'
INSTALL_STRIP_PROGRAM='$(install_sh) -c -s'
LD='/usr/bin/ld -m elf_x86_64'
LDFLAGS='-L/home/wtp/linux/rootfs/alientek_imx6ull_rootfs/output/host/lib -Wl,-rpath,/home/wtp/linux/rootfs/alientek_imx6ull_rootfs/output/host/lib'
LIBOBJS=''
LIBS=''
LIBTOOL='$(SHELL) $(top_builddir)/libtool'
LIPO=''
LN_S='ln -s'
LTLIBOBJS=''
LT_SYS_LIBRARY_PATH=''
MAKEINFO='${SHELL} /home/wtp/linux/rootfs/alientek_imx6ull_rootfs/output/build/host-pkgconf-1.5.3/missing makeinfo'
MANIFEST_TOOL=':'
MKDIR_P='/bin/mkdir -p'
NM='/usr/bin/nm'
NMEDIT=''
OBJDUMP='objdump'
OBJEXT='o'
OTOOL64=''
OTOOL=''
PACKAGE='pkgconf'
PACKAGE_BUGREPORT='http://github.com/pkgconf/pkgconf/issues'
PACKAGE_NAME='pkgconf'
PACKAGE_STRING='pkgconf 1.5.3'
PACKAGE_TARNAME='pkgconf'
PACKAGE_URL=''
PACKAGE_VERSION='1.5.3'
PATH_SEPARATOR=':'
PERSONALITY_PATH='${datarootdir}/pkgconfig/personality.d:/home/wtp/linux/rootfs/alientek_imx6ull_rootfs/output/host/etc/pkgconfig/personality.d'
PKG_DEFAULT_PATH='${exec_prefix}/lib/pkgconfig:${datarootdir}/pkgconfig'
RANLIB='/usr/bin/ranlib'
SED='/bin/sed'
SET_MAKE=''
SHELL='/bin/bash'
STRIP='strip'
SYSTEM_INCLUDEDIR='${prefix}/include'
SYSTEM_LIBDIR='${exec_prefix}/lib'
VERSION='1.5.3'
ac_ct_AR=''
ac_ct_CC='/usr/bin/gcc'
ac_ct_DUMPBIN=''
am__EXEEXT_FALSE=''
am__EXEEXT_TRUE='#'
am__fastdepCC_FALSE=''
am__fastdepCC_TRUE='#'
am__include='include'
am__isrc=''
am__leading_dot='.'
am__nodep=''
am__quote=''
am__tar='$${TAR-tar} chof - "$$tardir"'
am__untar='$${TAR-tar} xf -'
bindir='${exec_prefix}/bin'
build='x86_64-pc-linux-gnu'
build_alias=''
build_cpu='x86_64'
build_os='linux-gnu'
build_vendor='pc'
datadir='${datarootdir}'
datarootdir='${prefix}/share'
docdir='${datarootdir}/doc/${PACKAGE_TARNAME}'
dvidir='${docdir}'
exec_prefix='${prefix}'
host='x86_64-pc-linux-gnu'
host_alias=''
host_cpu='x86_64'
host_os='linux-gnu'
host_vendor='pc'
htmldir='${docdir}'
includedir='${prefix}/include'
infodir='${datarootdir}/info'
install_sh='${SHELL} /home/wtp/linux/rootfs/alientek_imx6ull_rootfs/output/build/host-pkgconf-1.5.3/install-sh'
libdir='${exec_prefix}/lib'
libexecdir='${exec_prefix}/libexec'
localedir='${datarootdir}/locale'
localstatedir='/home/wtp/linux/rootfs/alientek_imx6ull_rootfs/output/host/var'
mandir='${datarootdir}/man'
mkdir_p='$(MKDIR_P)'
oldincludedir='/usr/include'
pdfdir='${docdir}'
prefix='/home/wtp/linux/rootfs/alientek_imx6ull_rootfs/output/host'
program_transform_name='s,x,x,'
psdir='${docdir}'
runstatedir='${localstatedir}/run'
sbindir='${exec_prefix}/sbin'
sharedstatedir='${prefix}/com'
sysconfdir='/home/wtp/linux/rootfs/alientek_imx6ull_rootfs/output/host/etc'
target_alias=''

## ----------- ##
## confdefs.h. ##
## ----------- ##

/* confdefs.h */
#define PACKAGE_NAME "pkgconf"
#define PACKAGE_TARNAME "pkgconf"
#define PACKAGE_VERSION "1.5.3"
#define PACKAGE_STRING "pkgconf 1.5.3"
#define PACKAGE_BUGREPORT "http://github.com/pkgconf/pkgconf/issues"
#define PACKAGE_URL ""
#define HAVE_STRNDUP 1
#define STDC_HEADERS 1
#define HAVE_SYS_TYPES_H 1
#define HAVE_SYS_STAT_H 1
#define HAVE_STDLIB_H 1
#define HAVE_STRING_H 1
#define HAVE_MEMORY_H 1
#define HAVE_STRINGS_H 1
#define HAVE_INTTYPES_H 1
#define HAVE_STDINT_H 1
#define HAVE_UNISTD_H 1
#define HAVE_SYS_STAT_H 1
#define PACKAGE "pkgconf"
#define VERSION "1.5.3"
#define HAVE_DLFCN_H 1
#define LT_OBJDIR ".libs/"

configure: exit 0
